


materialPath: c:\program files (x86)\steam\steamapps\SourceMods\testmod\materials
Loading C:\Program Files (x86)\Steam\steamapps\sourcemods\testmod\resource\hammer\levelEnd.vmf
material "plaster/plasterwall011" not found.
Material not found!: PLASTER/PLASTERWALL011
fixing up env_cubemap materials on brush sides...
0...1...2...3...4...5...6...7...8...9...100...1...2...3...4...5...6...7...8...9...10Processing areas...done (0)
Building Faces...done (0)
FixTjuncs...
PruneNodes...
WriteBSP...
done (0)
writing C:\Program Files (x86)\Steam\steamapps\sourcemods\testmod\resource\hammer\levelEnd.prt...Building visibility clusters...
done (0)
Creating default LDR cubemaps for env_cubemap using skybox materials:
   skybox/sky_day01_01*.vmt
 ! Run buildcubemaps in the engine to get the correct cube maps.
Creating default HDR cubemaps for env_cubemap using skybox materials:
   skybox/sky_day01_01*.vmt
 ! Run buildcubemaps in the engine to get the correct cube maps.
Finding displacement neighbors...
Finding lightmap sample positions...
Displacement Alpha : 0...1...2...3...4...5...6...7...8...9...10
Building Physics collision data...
done (1) (100554 bytes)
Error! prop_static using model "models/props_c17/lockers001a.mdl", which must be used on a dynamic entity (i.e. prop_physics). Deleted.
Error loading studio model "models/props_c17/lockers001a.mdl"!
Placing detail props : 0...1...2...3...4...5...6...7...8...9...10
Water found with no water_lod_control entity, creating a default one.
Compacting texture/material tables...
Reduced 432 texinfos to 157
Reduced 44 texdatas to 29 (1318 bytes to 928)
Writing C:\Program Files (x86)\Steam\steamapps\sourcemods\testmod\resource\hammer\levelEnd.bsp
2 seconds elapsed



2 threads
reading c:\program files (x86)\steam\steamapps\sourcemods\testmod\resource\hammer\levelEnd.bsp
reading c:\program files (x86)\steam\steamapps\sourcemods\testmod\resource\hammer\levelEnd.prt
 247 portalclusters
 375 numportals
0...1...2...3...4...5...6...7...8...9...100...1...2...3...4...5...6...7...8...9...10Optimized: 31 visible clusters (0.00%)
Total clusters visible: 7222
Average clusters visible: 29
Building PAS...
Average clusters audible: 105
visdatasize:12341  compressed from 15808
writing c:\program files (x86)\steam\steamapps\sourcemods\testmod\resource\hammer\levelEnd.bsp
0 seconds elapsed



[Reading texlights from 'lights.rad']
[45 texlights parsed from 'lights.rad']

Loading c:\program files (x86)\steam\steamapps\sourcemods\testmod\resource\hammer\levelEnd.bsp
1218 faces
148587 square feet [21396616.00 square inches]
8 Displacements
327 Square Feet [47196.64 Square Inches]
1218 patches before subdivision
23502 patches after subdivision
26 direct lights
0...1...2...3...4...5...6...7...8...9...100...1...2...3...4...5...6...7...8...9...10transfers 1857386, max 302
transfer lists:  14.2 megs
0...1...2...3...4...5...6...7...8...9...10	Bounce #1 added RGB(3842, 1836, 790)
0...1...2...3...4...5...6...7...8...9...10	Bounce #2 added RGB(1635, 776, 322)
0...1...2...3...4...5...6...7...8...9...10	Bounce #3 added RGB(549, 217, 76)
0...1...2...3...4...5...6...7...8...9...10	Bounce #4 added RGB(227, 82, 24)
0...1...2...3...4...5...6...7...8...9...10	Bounce #5 added RGB(89, 28, 7)
0...1...2...3...4...5...6...7...8...9...10	Bounce #6 added RGB(37, 10, 2)
0...1...2...3...4...5...6...7...8...9...10	Bounce #7 added RGB(15, 4, 1)
0...1...2...3...4...5...6...7...8...9...10	Bounce #8 added RGB(6, 1, 0)
0...1...2...3...4...5...6...7...8...9...10	Bounce #9 added RGB(3, 0, 0)
0...1...2...3...4...5...6...7...8...9...10	Bounce #10 added RGB(1, 0, 0)
0...1...2...3...4...5...6...7...8...9...10	Bounce #11 added RGB(0, 0, 0)
Build Patch/Sample Hash Table(s).....Done<0.0212 sec>
0...1...2...3...4...5...6...7...8...9...10FinalLightFace Done
0 of 0 (0% of) surface lights went in leaf ambient cubes.
0...1...2...3...4...5...6...7...8...9...10Writing leaf ambient...done
Ready to Finish

Object names       Objects/Maxobjs  Memory / Maxmem  Fullness 
------------       ---------------  ---------------  -------- 
models                  18/1024          864/49152    ( 1.8%) 
brushes                267/8192         3204/98304    ( 3.3%) 
brushsides            1645/65536       13160/524288   ( 2.5%) 
planes                 786/65536       15720/1310720  ( 1.2%) 
vertexes              1860/65536       22320/786432   ( 2.8%) 
nodes                  666/65536       21312/2097152  ( 1.0%) 
texinfos               157/12288       11304/884736   ( 1.3%) 
texdata                 29/2048          928/65536    ( 1.4%) 
dispinfos                8/0            1408/0        ( 0.0%) 
disp_verts             648/0           12960/0        ( 0.0%) 
disp_tris             1024/0            2048/0        ( 0.0%) 
disp_lmsamples        1920/0            1920/0        ( 0.0%) 
faces                 1218/65536       68208/3670016  ( 1.9%) 
hdr faces                0/65536           0/3670016  ( 0.0%) 
origfaces              662/65536       37072/3670016  ( 1.0%) 
leaves                 685/65536       21920/2097152  ( 1.0%) 
leaffaces             1330/65536        2660/131072   ( 2.0%) 
leafbrushes            437/65536         874/131072   ( 0.7%) 
areas                    2/256            16/2048     ( 0.8%) 
surfedges             8468/512000      33872/2048000  ( 1.7%) 
edges                 5040/256000      20160/1024000  ( 2.0%) 
LDR worldlights         26/8192         2288/720896   ( 0.3%) 
HDR worldlights          0/8192            0/720896   ( 0.0%) 
leafwaterdata            1/32768          12/393216   ( 0.0%) 
waterstrips             90/32768         900/327680   ( 0.3%) 
waterverts               0/65536           0/786432   ( 0.0%) 
waterindices          1338/65536        2676/131072   ( 2.0%) 
cubemapsamples           1/1024           16/16384    ( 0.1%) 
overlays                 0/512             0/180224   ( 0.0%) 
LDR lightdata         [variable]     1881152/0        ( 0.0%) 
HDR lightdata         [variable]           0/0        ( 0.0%) 
visdata               [variable]       12341/16777216 ( 0.1%) 
entdata               [variable]       85289/393216   (21.7%) 
LDR ambient table      685/65536        2740/262144   ( 1.0%) 
HDR ambient table      685/65536        2740/262144   ( 1.0%) 
LDR leaf ambient       444/65536       12432/1835008  ( 0.7%) 
HDR leaf ambient       685/65536       19180/1835008  ( 1.0%) 
occluders                0/0               0/0        ( 0.0%) 
occluder polygons        0/0               0/0        ( 0.0%) 
occluder vert ind        0/0               0/0        ( 0.0%) 
detail props          [variable]           1/12       ( 8.3%) 
static props          [variable]           1/3184     ( 0.0%) 
pakfile               [variable]      216096/0        ( 0.0%) 
physics               [variable]      100554/4194304  ( 2.4%) 
physics terrain       [variable]        3058/1048576  ( 0.3%) 

Level flags = 0

Total triangle count: 3388
Writing c:\program files (x86)\steam\steamapps\sourcemods\testmod\resource\hammer\levelEnd.bsp
15 seconds elapsed



[Reading texlights from 'lights.rad']
[45 texlights parsed from 'lights.rad']

Loading c:\program files (x86)\steam\steamapps\sourcemods\testmod\resource\hammer\levelEnd.bsp
1218 faces
148587 square feet [21396616.00 square inches]
8 Displacements
327 Square Feet [47196.64 Square Inches]
1218 patches before subdivision
23502 patches after subdivision
26 direct lights
0...1...2...3...4...5...6...7...8...9...100...1...2...3...4...5...6...7...8...9...10transfers 1857386, max 302
transfer lists:  14.2 megs
0...1...2...3...4...5...6...7...8...9...10	Bounce #1 added RGB(3842, 1836, 790)
0...1...2...3...4...5...6...7...8...9...10	Bounce #2 added RGB(1635, 776, 322)
0...1...2...3...4...5...6...7...8...9...10	Bounce #3 added RGB(549, 217, 76)
0...1...2...3...4...5...6...7...8...9...10	Bounce #4 added RGB(227, 82, 24)
0...1...2...3...4...5...6...7...8...9...10	Bounce #5 added RGB(89, 28, 7)
0...1...2...3...4...5...6...7...8...9...10	Bounce #6 added RGB(37, 10, 2)
0...1...2...3...4...5...6...7...8...9...10	Bounce #7 added RGB(15, 4, 1)
0...1...2...3...4...5...6...7...8...9...10	Bounce #8 added RGB(6, 1, 0)
0...1...2...3...4...5...6...7...8...9...10	Bounce #9 added RGB(3, 0, 0)
0...1...2...3...4...5...6...7...8...9...10	Bounce #10 added RGB(1, 0, 0)
0...1...2...3...4...5...6...7...8...9...10	Bounce #11 added RGB(0, 0, 0)
Build Patch/Sample Hash Table(s).....Done<0.0210 sec>
0...1...2...3...4...5...6...7...8...9...10FinalLightFace Done
0 of 0 (0% of) surface lights went in leaf ambient cubes.
0...1...2...3...4...5...6...7...8...9...10Writing leaf ambient...done
Ready to Finish

Object names       Objects/Maxobjs  Memory / Maxmem  Fullness 
------------       ---------------  ---------------  -------- 
models                  18/1024          864/49152    ( 1.8%) 
brushes                267/8192         3204/98304    ( 3.3%) 
brushsides            1645/65536       13160/524288   ( 2.5%) 
planes                 786/65536       15720/1310720  ( 1.2%) 
vertexes              1860/65536       22320/786432   ( 2.8%) 
nodes                  666/65536       21312/2097152  ( 1.0%) 
texinfos               157/12288       11304/884736   ( 1.3%) 
texdata                 29/2048          928/65536    ( 1.4%) 
dispinfos                8/0            1408/0        ( 0.0%) 
disp_verts             648/0           12960/0        ( 0.0%) 
disp_tris             1024/0            2048/0        ( 0.0%) 
disp_lmsamples        1920/0            1920/0        ( 0.0%) 
faces                 1218/65536       68208/3670016  ( 1.9%) 
hdr faces             1218/65536       68208/3670016  ( 1.9%) 
origfaces              662/65536       37072/3670016  ( 1.0%) 
leaves                 685/65536       21920/2097152  ( 1.0%) 
leaffaces             1330/65536        2660/131072   ( 2.0%) 
leafbrushes            437/65536         874/131072   ( 0.7%) 
areas                    2/256            16/2048     ( 0.8%) 
surfedges             8468/512000      33872/2048000  ( 1.7%) 
edges                 5040/256000      20160/1024000  ( 2.0%) 
LDR worldlights         26/8192         2288/720896   ( 0.3%) 
HDR worldlights         26/8192         2288/720896   ( 0.3%) 
leafwaterdata            1/32768          12/393216   ( 0.0%) 
waterstrips             90/32768         900/327680   ( 0.3%) 
waterverts               0/65536           0/786432   ( 0.0%) 
waterindices          1338/65536        2676/131072   ( 2.0%) 
cubemapsamples           1/1024           16/16384    ( 0.1%) 
overlays                 0/512             0/180224   ( 0.0%) 
LDR lightdata         [variable]     1881152/0        ( 0.0%) 
HDR lightdata         [variable]     1881152/0        ( 0.0%) 
visdata               [variable]       12341/16777216 ( 0.1%) 
entdata               [variable]       85289/393216   (21.7%) 
LDR ambient table      685/65536        2740/262144   ( 1.0%) 
HDR ambient table      685/65536        2740/262144   ( 1.0%) 
LDR leaf ambient       444/65536       12432/1835008  ( 0.7%) 
HDR leaf ambient       444/65536       12432/1835008  ( 0.7%) 
occluders                0/0               0/0        ( 0.0%) 
occluder polygons        0/0               0/0        ( 0.0%) 
occluder vert ind        0/0               0/0        ( 0.0%) 
detail props          [variable]           1/12       ( 8.3%) 
static props          [variable]           1/3184     ( 0.0%) 
pakfile               [variable]      216096/0        ( 0.0%) 
physics               [variable]      100554/4194304  ( 2.4%) 
physics terrain       [variable]        3058/1048576  ( 0.3%) 

Level flags = 0

Total triangle count: 3388
Writing c:\program files (x86)\steam\steamapps\sourcemods\testmod\resource\hammer\levelEnd.bsp
14 seconds elapsed
